Removed Member From Class: ClassName=Designator Member=C12
Removed Member From Class: ClassName=Designator Member=C16
Removed Member From Class: ClassName=Designator Member=C17
Removed Member From Class: ClassName=Designator Member=U2
Added Component: Designator=C1(8X12_CAP)
Added Pin To Net: NetName=NetC1_1 Pin=C1-1
Added Pin To Net: NetName=GND Pin=C1-2
Added Member To Class: ClassName=Designator Member=Component C1 CAP
Added Member To Class: ClassName=Designator Member=Component C7 100nF(104) 10% 50V
Added Member To Class: ClassName=Designator Member=Component C8 10uF (106) 10% 25V
Added Member To Class: ClassName=Designator Member=Component C9 4.7uF (475) 10% 50V
Added Member To Class: ClassName=Designator Member=Component C10 33pF (330) 5% 50V
Added Member To Class: ClassName=Sheet1 Member=Component Q1 SS8050 Y1
Added Member To Class: ClassName=Sheet1 Member=Component R17 100¦¸ (1000) ¡À1%
Added Member To Class: ClassName=Sheet1 Member=Component R18 1K¦¸ (1001) ¡À1%
Added Member To Class: ClassName=Designator Member=Component U1 MP2451DT-LF-Z
Added Member To Class: ClassName=Designator Member=Component VR1 AMS1117-3.3
Added Room: Name=Designator
Added Room: Name=Designator
Added Room: Name=Designator
Added Room: Name=Designator
Added Room: Name=Sheet1
